<?xml version="1.0" encoding="UTF-8"?>
<!-- Generated by org.testng.reporters.JUnitReportReporter -->
<testsuite hostname="zhengyus-MacBook-Pro.local" name="au.com.vclass.automationtests.CombineTest" tests="1" failures="0" timestamp="26 Jun 2015 00:02:58 GMT" time="21.576" errors="0">
  <testcase name="testPenThickness1" time="21.576" classname="au.com.vclass.automationtests.CombineTest"/>
</testsuite> <!-- au.com.vclass.automationtests.CombineTest -->
