<?xml version="1.0" encoding="UTF-8"?>
<!-- Generated by org.testng.reporters.JUnitReportReporter -->
<testsuite hostname="zhengyus-MacBook-Pro.local" name="au.com.vclass.automationtests.SignInTest" tests="2" failures="0" timestamp="25 Jun 2015 23:23:06 GMT" time="66.481" errors="0">
  <testcase name="signInWithInvalidInfo" time="29.390" classname="au.com.vclass.automationtests.SignInTest"/>
  <testcase name="signInWithValidInfo" time="37.091" classname="au.com.vclass.automationtests.SignInTest"/>
</testsuite> <!-- au.com.vclass.automationtests.SignInTest -->
